"../../../../../../Projects/New folder/SquidGame/Content/Actors/BP_Goal.uasset" 0
"../../../../../../Projects/New folder/SquidGame/Content/Actors/BO_Goal.uasset" 1
"../../../../../../Projects/New folder/SquidGame/Content/Mannequin/Character/Mesh/UE4_Mannequin_Skeleton.uasset" 2
"../../../../../../Projects/New folder/SquidGame/Content/Mannequin/Animations/ThirdPersonJump_End.uasset" 3
"../../../Engine/Content/Animation/DefaultAnimBoneCompressionSettings.uasset" 4
"../../../Engine/Content/Animation/DefaultAnimCurveCompressionSettings.uasset" 5
"../../../../../../Projects/New folder/SquidGame/Content/Mannequin/Animations/ThirdPersonWalk1.uasset" 6
"../../../../../../Projects/New folder/SquidGame/Content/Media/Image/SquidGame.uasset" 7
"../../../../../../Projects/New folder/SquidGame/Content/Media/Materials/Red.uasset" 8
"../../../../../../Projects/New folder/SquidGame/Content/Media/Materials/EGreen.uasset" 9
"../../../../../../Projects/New folder/SquidGame/Content/Media/StarterContent/Materials/M_Basic_Wall.uasset" 10
"../../../../../../Projects/New folder/SquidGame/Content/Media/StarterContent/Architecture/Pillar_50x500.uasset" 11
"../../../../../../Projects/New folder/SquidGame/Content/Media/StarterContent/Architecture/Wall_400x400.uasset" 12
"../../../../../../Projects/New folder/SquidGame/Content/Media/StarterContent/Architecture/Wall_500x500.uasset" 13
"../../../../../../Projects/New folder/SquidGame/Content/Media/StarterContent/Architecture/Wall_Door_400x400.uasset" 14
"../../../../../../Projects/New folder/SquidGame/Content/Media/StarterContent/Architecture/Wall_Window_400x400.uasset" 15
"../../../../../../Projects/New folder/SquidGame/Content/Media/StarterContent/Audio/Light01.uasset" 16
"../../../../../../Projects/New folder/SquidGame/Content/Media/StarterContent/Audio/Light01_Cue.uasset" 17
"../../../../../../Projects/New folder/SquidGame/Content/Media/StarterContent/Audio/Light02.uasset" 18
"../../../../../../Projects/New folder/SquidGame/Content/Media/StarterContent/Audio/Light02_Cue.uasset" 19
"../../../../../../Projects/New folder/SquidGame/Content/Media/StarterContent/Textures/T_Smoke_Tiled_D.uasset" 20
"../../../../../../Projects/New folder/SquidGame/Content/Media/StarterContent/Textures/T_Smoke_SubUV.uasset" 21
"../../../../../../Projects/New folder/SquidGame/Content/Media/StarterContent/Particles/Materials/M_smoke_subUV.uasset" 22
"../../../Engine/Content/Functions/Engine_MaterialFunctions01/Gradient/RadialGradient.uasset" 23
"../../../../../../Projects/New folder/SquidGame/Content/Media/StarterContent/Particles/Materials/M_radial_ramp.uasset" 24
"../../../../../../Projects/New folder/SquidGame/Content/Media/StarterContent/Particles/Materials/m_flare_01.uasset" 25
"../../../../../../Projects/New folder/SquidGame/Content/Media/StarterContent/Textures/T_Explosion_SubUV.uasset" 26
"../../../../../../Projects/New folder/SquidGame/Content/Media/StarterContent/Particles/Materials/M_explosion_subUV.uasset" 27
"../../../../../../Projects/New folder/SquidGame/Content/Media/StarterContent/Textures/T_Burst_M.uasset" 28
"../../../../../../Projects/New folder/SquidGame/Content/Media/StarterContent/Particles/Materials/M_Burst.uasset" 29
"../../../../../../Projects/New folder/SquidGame/Content/Media/StarterContent/Particles/P_Explosion.uasset" 30
"../../../../../../Projects/New folder/SquidGame/Content/Media/StarterContent/Audio/Explosion02.uasset" 31
"../../../../../../Projects/New folder/SquidGame/Content/Media/StarterContent/Audio/Explosion01.uasset" 32
"../../../../../../Projects/New folder/SquidGame/Content/Media/StarterContent/Audio/Explosion_Cue.uasset" 33
"../../../../../../Projects/New folder/SquidGame/Content/Media/StarterContent/Blueprints/Blueprint_Effect_Explosion.uasset" 34
"../../../Engine/Content/EditorMeshes/ColorCalibrator/T_ColorGrid.uasset" 35
"../../../../../../Projects/New folder/SquidGame/Content/Media/StarterContent/Materials/M_ColorGrid_LowSpec.uasset" 36
"../../../../../../Projects/New folder/SquidGame/Content/Media/StarterContent/Textures/T_Bush_N.uasset" 37
"../../../../../../Projects/New folder/SquidGame/Content/Media/StarterContent/Textures/T_Bush_D.uasset" 38
"../../../../../../Projects/New folder/SquidGame/Content/Media/StarterContent/Props/Materials/M_Bush.uasset" 39
"../../../../../../Projects/New folder/SquidGame/Content/Media/StarterContent/Props/SM_Bush.uasset" 40
"../../../../../../Projects/New folder/SquidGame/Content/Media/StarterContent/Textures/T_Chair_N.uasset" 41
"../../../../../../Projects/New folder/SquidGame/Content/Media/StarterContent/Textures/T_Chair_M.uasset" 42
"../../../../../../Projects/New folder/SquidGame/Content/Media/StarterContent/Props/Materials/M_Chair.uasset" 43
"../../../../../../Projects/New folder/SquidGame/Content/Media/StarterContent/Props/SM_Couch.uasset" 44
"../../../../../../Projects/New folder/SquidGame/Content/Media/StarterContent/Textures/T_Door_N.uasset" 45
"../../../../../../Projects/New folder/SquidGame/Content/Media/StarterContent/Textures/T_Door_M.uasset" 46
"../../../../../../Projects/New folder/SquidGame/Content/Media/StarterContent/Props/Materials/M_Door.uasset" 47
"../../../../../../Projects/New folder/SquidGame/Content/Media/StarterContent/Materials/M_Glass.uasset" 48
"../../../../../../Projects/New folder/SquidGame/Content/Media/StarterContent/Props/SM_Door.uasset" 49
"../../../../../../Projects/New folder/SquidGame/Content/Media/StarterContent/Props/Materials/M_MaterialSphere_Plain.uasset" 50
"../../../../../../Projects/New folder/SquidGame/Content/Media/StarterContent/Props/Materials/M_MaterialSphere.uasset" 51
"../../../../../../Projects/New folder/SquidGame/Content/Media/StarterContent/Props/SM_MatPreviewMesh_02.uasset" 52
"../../../../../../Projects/New folder/SquidGame/Content/Media/StarterContent/Textures/T_Rock_Basalt_D.uasset" 53
"../../../../../../Projects/New folder/SquidGame/Content/Media/StarterContent/Textures/T_RockMesh_N.uasset" 54
"../../../../../../Projects/New folder/SquidGame/Content/Media/StarterContent/Textures/T_RockMesh_M.uasset" 55
"../../../../../../Projects/New folder/SquidGame/Content/Media/StarterContent/Textures/T_Detail_Rocky_N.uasset" 56
"../../../Engine/Content/Functions/Engine_MaterialFunctions02/Utility/BlendAngleCorrectedNormals.uasset" 57
"../../../../../../Projects/New folder/SquidGame/Content/Media/StarterContent/Props/Materials/M_Rock.uasset" 58
"../../../../../../Projects/New folder/SquidGame/Content/Media/StarterContent/Props/SM_Rock.uasset" 59
"../../../../../../Projects/New folder/SquidGame/Content/Media/StarterContent/Textures/T_Shelf_N.uasset" 60
"../../../../../../Projects/New folder/SquidGame/Content/Media/StarterContent/Textures/T_Shelf_M.uasset" 61
"../../../../../../Projects/New folder/SquidGame/Content/Media/StarterContent/Props/Materials/M_Shelf.uasset" 62
"../../../../../../Projects/New folder/SquidGame/Content/Media/StarterContent/Props/SM_Shelf.uasset" 63
"../../../../../../Projects/New folder/SquidGame/Content/Media/StarterContent/Materials/M_Basic_Floor.uasset" 64
"../../../../../../Projects/New folder/SquidGame/Content/Media/StarterContent/Props/SM_Stairs.uasset" 65
"../../../../../../Projects/New folder/SquidGame/Content/Media/StarterContent/Shapes/Shape_Cone.uasset" 66
"../../../../../../Projects/New folder/SquidGame/Content/Media/StarterContent/Shapes/Shape_Cylinder.uasset" 67
"../../../../../../Projects/New folder/SquidGame/Content/Media/StarterContent/Shapes/Shape_NarrowCapsule.uasset" 68
"../../../../../../Projects/New folder/SquidGame/Content/Media/StarterContent/Shapes/Shape_Pipe.uasset" 69
"../../../../../../Projects/New folder/SquidGame/Content/Media/StarterContent/Shapes/Shape_Pipe_180.uasset" 70
"../../../../../../Projects/New folder/SquidGame/Content/Media/StarterContent/Shapes/Shape_Pipe_90.uasset" 71
"../../../../../../Projects/New folder/SquidGame/Content/Media/StarterContent/Shapes/Shape_Plane.uasset" 72
"../../../../../../Projects/New folder/SquidGame/Content/Media/StarterContent/Shapes/Shape_Torus.uasset" 73
"../../../../../../Projects/New folder/SquidGame/Content/Media/StarterContent/Shapes/Shape_Trim.uasset" 74
"../../../../../../Projects/New folder/SquidGame/Content/Media/StarterContent/Shapes/Shape_Trim_90_In.uasset" 75
"../../../../../../Projects/New folder/SquidGame/Content/Media/StarterContent/Shapes/Shape_Trim_90_Out.uasset" 76
"../../../../../../Projects/New folder/SquidGame/Content/Media/StarterContent/Shapes/Shape_TriPyramid.uasset" 77
"../../../../../../Projects/New folder/SquidGame/Content/Media/StarterContent/Shapes/Shape_Tube.uasset" 78
"../../../../../../Projects/New folder/SquidGame/Content/Media/StarterContent/Shapes/Shape_Wedge_A.uasset" 79
"../../../../../../Projects/New folder/SquidGame/Content/Media/StarterContent/Shapes/Shape_Wedge_B.uasset" 80
"../../../../../../Projects/New folder/SquidGame/Content/Media/StarterContent/Shapes/Shape_WideCapsule.uasset" 81
"../../../../../../Projects/New folder/SquidGame/Content/Widgets/Widget_PlayerWin.uasset" 82
"../../../Engine/Content/EngineMaterials/T_Default_Material_Grid_N.uasset" 83
"../../../Engine/Content/EngineMaterials/T_Default_Material_Grid_M.uasset" 84
"../../../Engine/Content/Functions/Engine_MaterialFunctions01/Opacity/CameraDepthFade.uasset" 85
"../../../Engine/Content/EngineMaterials/WorldGridMaterial.uasset" 86
"../../../Engine/Content/ArtTools/RenderToTexture/Meshes/S_1_Unit_Plane.uasset" 87
"../../../Engine/Content/EngineMaterials/DefaultMaterial.uasset" 88
"../../../Engine/Content/BasicShapes/Cone.uasset" 89
"../../../Engine/Content/BasicShapes/Cube.uasset" 90
"../../../Engine/Content/BasicShapes/Plane.uasset" 91
"../../../Engine/Content/EditorLandscapeResources/DataLayer.uasset" 92
"../../../Engine/Content/EditorLandscapeResources/DefaultAlphaTexture.uasset" 93
"../../../Engine/Content/EditorMaterials/MAT_Groups_Toggle.uasset" 94
"../../../Engine/Content/EditorMaterials/MAT_Groups_Visibility.uasset" 95
"../../../Engine/Content/EditorMaterials/PreviewShadowIndicator.uasset" 96
"../../../Engine/Content/EditorMaterials/PreviewShadowIndicatorMaterial.uasset" 97
"../../../Engine/Content/EditorMaterials/MatineeGroups/MAT_ColorTrack.uasset" 98
"../../../Engine/Content/EditorMaterials/MatineeGroups/MAT_Groups_Anim.uasset" 99
"../../../Engine/Content/EditorMaterials/MatineeGroups/MAT_Groups_AudioMaster.uasset" 100
"../../../Engine/Content/EditorMaterials/MatineeGroups/MAT_Groups_Director.uasset" 101
"../../../Engine/Content/EditorMaterials/MatineeGroups/MAT_Groups_Event.uasset" 102
"../../../Engine/Content/EditorMaterials/MatineeGroups/MAT_Groups_Fade.uasset" 103
"../../../Engine/Content/EditorMaterials/MatineeGroups/MAT_Groups_Float.uasset" 104
"../../../Engine/Content/EditorMaterials/MatineeGroups/MAT_Groups_Move.uasset" 105
"../../../Engine/Content/EditorMaterials/MatineeGroups/MAT_Groups_Slomo.uasset" 106
"../../../Engine/Content/EditorMaterials/MatineeGroups/MAT_Groups_Sound.uasset" 107
"../../../Engine/Content/EditorMaterials/MatineeGroups/MAT_Groups_Vector.uasset" 108
"../../../Engine/Content/EditorMaterials/ParticleSystems/PSysThumbnail_NoImage.uasset" 109
"../../../Engine/Content/EditorMaterials/ParticleSystems/PSysThumbnail_OOD.uasset" 110
"../../../Engine/Content/EditorMaterials/Camera/CineMat.uasset" 111
"../../../Engine/Content/EditorMaterials/Camera/MI_CineMat_Rig.uasset" 112
"../../../Engine/Content/EditorMeshes/Camera/SM_CraneRig_Arm.uasset" 113
"../../../Engine/Content/EditorMeshes/Camera/SM_CraneRig_Base.uasset" 114
"../../../Engine/Content/EditorMeshes/Camera/SM_CraneRig_Body.uasset" 115
"../../../Engine/Content/EditorMeshes/Camera/SM_CraneRig_Mount.uasset" 116
"../../../Engine/Content/EditorMeshes/Camera/SM_RailRig_Mount.uasset" 117
"../../../Engine/Content/EditorMeshes/Camera/SM_RailRig_Track.uasset" 118
"../../../Engine/Content/EditorResources/BSPVertex.uasset" 119
"../../../Engine/Content/EditorResources/EmptyActor.uasset" 120
"../../../Engine/Content/EditorResources/S_Actor.uasset" 121
"../../../Engine/Content/EditorResources/S_Note.uasset" 122
"../../../Engine/Content/EditorResources/S_Solver.uasset" 123
"../../../Engine/Content/EditorResources/S_Terrain.uasset" 124
"../../../Engine/Content/EditorResources/S_Trigger.uasset" 125
"../../../Engine/Content/EditorResources/AudioIcons/S_AudioComponent.uasset" 126
"../../../Engine/Content/EditorResources/AudioIcons/S_AudioComponent_AutoActivate.uasset" 127
"../../../Engine/Content/EditorResources/LightIcons/S_LightError.uasset" 128
"../../../Engine/Content/EditorResources/SequenceRecorder/Countdown.uasset" 129
"../../../Engine/Content/EditorResources/SequenceRecorder/RecordingIndicator.uasset" 130
"../../../Engine/Content/EngineDamageTypes/DmgTypeBP_Environmental.uasset" 131
"../../../Engine/Content/EngineDebugMaterials/DebugEditorMaterial.uasset" 132
"../../../Engine/Content/EngineDebugMaterials/DebugMeshMaterial.uasset" 133
"../../../Engine/Content/EngineDebugMaterials/M_SimpleUnlitTranslucent.uasset" 134
"../../../Engine/Content/EngineDebugMaterials/VolumeToRender.uasset" 135
"../../../Engine/Content/Functions/Engine_MaterialFunctions02/Utility/CameraDirectionVector.uasset" 136
"../../../Engine/Content/EngineDebugMaterials/M_VolumeRenderSphereTracePP.uasset" 137
"../../../Engine/Content/Functions/Engine_MaterialFunctions01/Shading/ConvertFromDiffSpec.uasset" 138
"../../../Engine/Content/EngineDebugMaterials/VertexColorMaterial.uasset" 139
"../../../Engine/Content/EngineDebugMaterials/WireframeMaterial.uasset" 140
"../../../Engine/Content/EngineFonts/Faces/RobotoRegular.uasset" 141
"../../../Engine/Content/EngineFonts/Faces/RobotoLight.uasset" 142
"../../../Engine/Content/EngineFonts/Faces/RobotoItalic.uasset" 143
"../../../Engine/Content/EngineFonts/Faces/RobotoBoldItalic.uasset" 144
"../../../Engine/Content/EngineFonts/Faces/RobotoBold.uasset" 145
"../../../Engine/Content/EngineFonts/Faces/DroidSansFallback.uasset" 146
"../../../Engine/Content/EngineFonts/Roboto.uasset" 147
"../../../Engine/Content/EngineMaterials/BaseFlattenNormalMap.uasset" 148
"../../../Engine/Content/EngineMaterials/BaseFlattenGrayscaleMap.uasset" 149
"../../../Engine/Content/EngineMaterials/BaseFlattenEmissiveMap.uasset" 150
"../../../Engine/Content/EngineMaterials/BaseFlattenDiffuseMap.uasset" 151
"../../../Engine/Content/EngineMaterials/BaseFlattenMaterial.uasset" 152
"../../../Engine/Content/EngineMaterials/BlueNoise.uasset" 153
"../../../Engine/Content/EngineMaterials/DefaultBloomKernel.uasset" 154
"../../../Engine/Content/EngineMaterials/DefaultBokeh.uasset" 155
"../../../Engine/Content/EngineMaterials/DefaultDiffuse.uasset" 156
"../../../Engine/Content/EngineMaterials/DefaultDeferredDecalMaterial.uasset" 157
"../../../Engine/Content/EngineMaterials/DefaultLightFunctionMaterial.uasset" 158
"../../../Engine/Content/EngineMaterials/DefaultPhysicalMaterial.uasset" 159
"../../../Engine/Content/Functions/Engine_MaterialFunctions02/Utility/BreakOutFloat2Components.uasset" 160
"../../../Engine/Content/EngineMaterials/DefaultPostProcessMaterial.uasset" 161
"../../../Engine/Content/EngineFonts/RobotoDistanceField.uasset" 162
"../../../Engine/Content/EngineMaterials/DefaultTextMaterialOpaque.uasset" 163
"../../../Engine/Content/EngineMaterials/DefaultWhiteGrid.uasset" 164
"../../../Engine/Content/EngineMaterials/DefaultWhiteGrid_Low.uasset" 165
"../../../Engine/Content/EngineMaterials/EmissiveMeshMaterial.uasset" 166
"../../../Engine/Content/EngineMaterials/GizmoMaterial.uasset" 167
"../../../Engine/Content/EngineMaterials/Good64x64TilingNoiseHighFreq.uasset" 168
"../../../Engine/Content/EngineMaterials/MiniFont.uasset" 169
"../../../Engine/Content/EngineMaterials/InvalidLightmapSettings.uasset" 170
"../../../Engine/Content/EngineMaterials/M_InvalidLightmapSettings.uasset" 171
"../../../Engine/Content/Functions/Engine_MaterialFunctions02/WorldPositionOffset/CameraOffset.uasset" 172
"../../../Engine/Content/EngineMaterials/PhAT_JointLimitMaterial.uasset" 173
"../../../Engine/Content/EngineMaterials/PreintegratedSkinBRDF.uasset" 174
"../../../Engine/Content/EngineMaterials/RemoveSurfaceMaterial.uasset" 175
"../../../Engine/Content/EngineMaterials/WeightMapPlaceholderTexture.uasset" 176
"../../../Engine/Content/EngineResources/WhiteSquareTexture.uasset" 177
"../../../Engine/Content/EngineMaterials/Widget3DPassThrough.uasset" 178
"../../../Engine/Content/EngineMaterials/Widget3DPassThrough_Masked.uasset" 179
"../../../Engine/Content/EngineMaterials/Widget3DPassThrough_Opaque.uasset" 180
"../../../Engine/Content/EngineMaterials/Widget3DPassThrough_Masked_OneSided.uasset" 181
"../../../Engine/Content/EngineMaterials/Widget3DPassThrough_Opaque_OneSided.uasset" 182
"../../../Engine/Content/EngineMaterials/Widget3DPassThrough_Translucent.uasset" 183
"../../../Engine/Content/EngineMaterials/Widget3DPassThrough_Translucent_OneSided.uasset" 184
"../../../Engine/Content/EngineMeshes/Cylinder.uasset" 185
"../../../Engine/Content/EngineMeshes/Sphere.uasset" 186
"../../../Engine/Content/EngineResources/Black.uasset" 187
"../../../Engine/Content/EngineResources/DefaultTextureCube.uasset" 188
"../../../Engine/Content/EngineResources/DefaultVolumeTexture2D.uasset" 189
"../../../Engine/Content/EngineResources/DefaultVolumeTexture.uasset" 190
"../../../Engine/Content/EngineResources/GradientTexture0.uasset" 191
"../../../Engine/Content/EngineSky/VolumetricClouds/T_NoiseShape64.uasset" 192
"../../../Engine/Content/EngineSky/VolumetricClouds/T_VolumeNoiseShape64.uasset" 193
"../../../Engine/Content/EngineSky/VolumetricClouds/T_NoiseErosion.uasset" 194
"../../../Engine/Content/EngineSky/VolumetricClouds/T_VolumeNoiseErosion32.uasset" 195
"../../../Engine/Content/EngineSky/VolumetricClouds/CloudWeatherTexture.uasset" 196
"../../../Engine/Content/EngineSky/VolumetricClouds/CloudGradientTexture.uasset" 197
"../../../Engine/Content/Functions/Engine_MaterialFunctions02/Utility/MakeFloat2.uasset" 198
"../../../Engine/Content/EngineSky/VolumetricClouds/m_SimpleVolumetricCloud.uasset" 199
"../../../Engine/Content/EngineSky/VolumetricClouds/m_SimpleVolumetricCloud_Inst.uasset" 200
"../../../Engine/Content/EngineSounds/Master.uasset" 201
"../../../Engine/Content/Functions/Engine_MaterialFunctions01/Shading/PowerToRoughness.uasset" 202
"../../../Engine/Content/Maps/Templates/Thumbnails/Default.uasset" 203
"../../../Engine/Content/Maps/Templates/Thumbnails/TimeOfDay.uasset" 204
"../../../Engine/Content/Maps/Templates/Thumbnails/VR-Basic.uasset" 205
"../../../Engine/Content/MobileResources/T_MobileControls_texture.uasset" 206
"../../../Engine/Content/MobileResources/T_MobileMenu2.uasset" 207
"../../../Engine/Content/MobileResources/HUD/AnalogHat.uasset" 208
"../../../Engine/Content/MobileResources/HUD/VirtualJoystick_Thumb.uasset" 209
"../../../Engine/Content/MobileResources/HUD/VirtualJoystick_Background.uasset" 210
"../../../Engine/Content/MobileResources/HUD/DefaultVirtualJoysticks.uasset" 211
"../../../Engine/Content/MobileResources/HUD/LeftVirtualJoystickOnly.uasset" 212
"../../../Engine/Content/MobileResources/HUD/MobileHUDButton1_off.uasset" 213
"../../../Engine/Content/MobileResources/HUD/MobileHUDButton1_on.uasset" 214
"../../../Engine/Content/MobileResources/HUD/MobileHUDButton2_off.uasset" 215
"../../../Engine/Content/MobileResources/HUD/MobileHUDButton2_on.uasset" 216
"../../../Engine/Content/MobileResources/HUD/MobileHUDButton3.uasset" 217
"../../../Engine/Content/MobileResources/HUD/MobileHUDButtonFire.uasset" 218
"../../../Engine/Content/MobileResources/HUD/MobileHUDDirectionPad.uasset" 219
"../../../Engine/Content/MobileResources/HUD/MobileHUDDirectionPad2.uasset" 220
"../../../Engine/Content/MobileResources/HUD/MobileHUDDirectionPad3.uasset" 221
"../../../Engine/Content/MobileResources/HUD/MobileHUDDirectionStick.uasset" 222
"../../../Engine/Content/MobileResources/HUD/T_Castle_ThumbstickInner.uasset" 223
"../../../Engine/Content/MobileResources/HUD/T_Castle_ThumbstickOutter.uasset" 224
"../../../Engine/Content/Tutorial/ContentIntroCurve.uasset" 225
"../../../Engine/Content/Tutorial/Basics/LevelEditorAttract.uasset" 226
"../../../Engine/Content/VREditor/TransformGizmo/TranslucentTransformGizmoMaterial.uasset" 227
"../../../Engine/Content/VREditor/LaserPointer/VR_LaserPower_01.uasset" 228
"../../../Engine/Content/VREditor/TransformGizmo/TransformGizmoMaterial.uasset" 229
"../../../Engine/Content/VREditor/TransformGizmo/BoundingBoxCorner.uasset" 230
"../../../Engine/Content/VREditor/TransformGizmo/BoundingBoxEdge.uasset" 231
"../../../Engine/Content/VREditor/TransformGizmo/PlaneTranslationHandle.uasset" 232
"../../../Engine/Content/VREditor/TransformGizmo/Xray.uasset" 233
"../../../Engine/Content/VREditor/TransformGizmo/Main.uasset" 234
"../../../Engine/Content/VREditor/TransformGizmo/SM_Sequencer_Key.uasset" 235
"../../../Engine/Content/VREditor/TransformGizmo/SM_Sequencer_Node.uasset" 236
"../../Plugins/2D/Paper2D/Content/PlaceholderTextures/DummySpriteTexture.uasset" 237
"../../Plugins/2D/Paper2D/Content/DummySprite.uasset" 238
"../../Plugins/2D/Paper2D/Content/DefaultPaperTerrainMaterial.uasset" 239
"../../Plugins/2D/Paper2D/Content/DefaultSpriteMaterial.uasset" 240
"../../Plugins/2D/Paper2D/Content/MaskedUnlitSpriteMaterial.uasset" 241
"../../Plugins/2D/Paper2D/Content/OpaqueUnlitSpriteMaterial.uasset" 242
"../../../Engine/Content/Functions/Engine_MaterialFunctions02/ObjectLocalBounds.uasset" 243
"../../../Engine/Content/Functions/Engine_MaterialFunctions02/Utility/BreakOutFloat3Components.uasset" 244
"../../Plugins/Editor/SpeedTreeImporter/Content/SpeedTree9/UnpackInteger3.uasset" 245
"../../Plugins/Editor/SpeedTreeImporter/Content/SpeedTree9/UnpackDirection.uasset" 246
"../../Plugins/Editor/SpeedTreeImporter/Content/SpeedTree9/game_wind_noise.uasset" 247
"../../../Engine/Content/Functions/Engine_MaterialFunctions02/SafeNormalize.uasset" 248
"../../Plugins/Editor/SpeedTreeImporter/Content/SpeedTree9/SpeedTreeWindMotion.uasset" 249
"../../Plugins/Editor/SpeedTreeImporter/Content/SpeedTree9/SpeedTreeBranchMotion.uasset" 250
"../../../Engine/Content/Functions/Engine_MaterialFunctions02/UVs/BoundingBoxBased_0-1_UVW.uasset" 251
"../../Plugins/Editor/SpeedTreeImporter/Content/SpeedTree9/SpeedTreeWind.uasset" 252
"../../Plugins/Editor/SpeedTreeImporter/Content/SpeedTree9/SpeedTreeBillboard.uasset" 253
"../../../Engine/Content/EngineResources/DefaultTexture.uasset" 254
"../../Plugins/Editor/SpeedTreeImporter/Content/SpeedTree9/SpeedTreeBillboardMaster.uasset" 255
"../../Plugins/Editor/SpeedTreeImporter/Content/SpeedTree9/SpeedTreeCameraFacing.uasset" 256
"../../Plugins/Editor/SpeedTreeImporter/Content/SpeedTree9/SpeedTreeMaster.uasset" 257
"../../../Engine/Content/BasicShapes/Cylinder.uasset" 258
"../../../Engine/Content/ArtTools/RenderToTexture/Materials/Debug/M_Emissive_Color.uasset" 259
"../../Plugins/Lumin/MagicLeapPassableWorld/Content/MagicLeapARPinInfoActor.uasset" 260
"../../../Engine/Content/Functions/Engine_MaterialFunctions02/Utility/BreakOutFloat4Components.uasset" 261
"../../../Engine/Content/Functions/Engine_MaterialFunctions02/Utility/MakeFloat3.uasset" 262
"../../Plugins/Runtime/Oculus/OculusVR/Content/Materials/OculusMR_ChromaKey.uasset" 263
"../../Plugins/Runtime/Oculus/OculusVR/Content/Materials/OculusMR_OpaqueColoredMaterial.uasset" 264
"../../Plugins/Runtime/Oculus/OculusVR/Content/Materials/PokeAHoleMaterial.uasset" 265
"../../../../../../Projects/New folder/SquidGame/Content/Media/StarterContent/Architecture/Floor_400x400.uasset" 266
"../../../Engine/Content/EngineSky/T_Sky_Stars.uasset" 267
"../../../Engine/Content/EngineSky/T_Sky_Clouds_M.uasset" 268
"../../../Engine/Content/EngineSky/T_Sky_Blue.uasset" 269
"../../../../../../Projects/New folder/SquidGame/Content/Media/StarterContent/Textures/T_Ground_Gravel_N.uasset" 270
"../../../../../../Projects/New folder/SquidGame/Content/Media/StarterContent/Textures/T_Ground_Gravel_D.uasset" 271
"../../../../../../Projects/New folder/SquidGame/Content/Media/StarterContent/Textures/T_Perlin_Noise_M.uasset" 272
"../../../../../../Projects/New folder/SquidGame/Content/Media/StarterContent/Textures/T_MacroVariation.uasset" 273
"../../../../../../Projects/New folder/SquidGame/Content/Media/StarterContent/Materials/M_Ground_Gravel.uasset" 274
"../../../../../../Projects/New folder/SquidGame/Content/Media/StarterContent/Textures/T_Brick_Clay_New_N.uasset" 275
"../../../../../../Projects/New folder/SquidGame/Content/Media/StarterContent/Textures/T_Brick_Clay_New_M.uasset" 276
"../../../../../../Projects/New folder/SquidGame/Content/Media/StarterContent/Textures/T_Brick_Clay_New_D.uasset" 277
"../../../../../../Projects/New folder/SquidGame/Content/Media/StarterContent/Materials/M_Brick_Clay_New.uasset" 278
"../../../../../../Projects/New folder/SquidGame/Content/Media/Materials/Green.uasset" 279
"../../../Engine/Content/EngineSky/M_Sky_Panning_Clouds2.uasset" 280
"../../../../../../Projects/New folder/SquidGame/Content/Maps/Test_Map_BuiltData.uasset" 281
"../../../../../../Projects/New folder/SquidGame/Content/General/BP_TimeManager.uasset" 282
"../../../../../../Projects/New folder/SquidGame/Content/Widgets/Widget_RandomID.uasset" 283
"../../../../../../Projects/New folder/SquidGame/Content/Media/Materials/Blue.uasset" 284
"../../../../../../Projects/New folder/SquidGame/Content/Mannequin/Character/Textures/T_Male_Mask.uasset" 285
"../../../../../../Projects/New folder/SquidGame/Content/Mannequin/Character/Textures/T_Male_N.uasset" 286
"../../../../../../Projects/New folder/SquidGame/Content/Mannequin/Character/Textures/T_UE4Logo_Mask.uasset" 287
"../../../../../../Projects/New folder/SquidGame/Content/Mannequin/Character/Textures/T_UE4Logo_N.uasset" 288
"../../../../../../Projects/New folder/SquidGame/Content/Mannequin/Character/Materials/MaterialLayers/T_ML_Rubber_Blue_01_N.uasset" 289
"../../../../../../Projects/New folder/SquidGame/Content/Mannequin/Character/Materials/MaterialLayers/T_ML_Rubber_Blue_01_D.uasset" 290
"../../../../../../Projects/New folder/SquidGame/Content/Mannequin/Character/Materials/MaterialLayers/T_ML_Aluminum01_N.uasset" 291
"../../../../../../Projects/New folder/SquidGame/Content/Mannequin/Character/Materials/MaterialLayers/T_ML_Aluminum01.uasset" 292
"../../../Engine/Content/Functions/MaterialLayerFunctions/MatLayerBlend_NormalBlend.uasset" 293
"../../../Engine/Content/Functions/MaterialLayerFunctions/MatLayerBlend_Simple.uasset" 294
"../../../../../../Projects/New folder/SquidGame/Content/Mannequin/Character/Materials/MaterialLayers/ML_SoftMetal_UE4.uasset" 295
"../../../../../../Projects/New folder/SquidGame/Content/Mannequin/Character/Materials/MaterialLayers/ML_GlossyBlack_Latex_UE4.uasset" 296
"../../../../../../Projects/New folder/SquidGame/Content/Mannequin/Character/Materials/MaterialLayers/ML_Plastic_Shiny_Beige_LOGO.uasset" 297
"../../../../../../Projects/New folder/SquidGame/Content/Mannequin/Character/Materials/MaterialLayers/ML_Plastic_Shiny_Beige.uasset" 298
"../../../../../../Projects/New folder/SquidGame/Content/Mannequin/Character/Materials/M_Male_Body.uasset" 299
"../../../../../../Projects/New folder/SquidGame/Content/Mannequin/Character/Materials/M_UE4Man_ChestLogo.uasset" 300
"../../../../../../Projects/New folder/SquidGame/Content/Mannequin/Character/Mesh/SK_Mannequin_PhysicsAsset.uasset" 301
"../../../../../../Projects/New folder/SquidGame/Content/Mannequin/Character/Mesh/SK_Mannequin.uasset" 302
"../../../../../../Projects/New folder/SquidGame/Content/Mannequin/Animations/ThirdPersonJump_Start.uasset" 303
"../../../../../../Projects/New folder/SquidGame/Content/Mannequin/Animations/ThirdPersonJump_Loop.uasset" 304
"../../../Engine/Content/EditorBlueprintResources/StandardMacros.uasset" 305
"../../../../../../Projects/New folder/SquidGame/Content/Mannequin/Animations/ThirdPerson_Jump.uasset" 306
"../../../../../../Projects/New folder/SquidGame/Content/Mannequin/Animations/ThirdPersonWalk.uasset" 307
"../../../../../../Projects/New folder/SquidGame/Content/Mannequin/Animations/ThirdPersonRun.uasset" 308
"../../../../../../Projects/New folder/SquidGame/Content/Mannequin/Animations/ThirdPersonIdle.uasset" 309
"../../../../../../Projects/New folder/SquidGame/Content/Mannequin/Animations/ThirdPerson_IdleRun_2D.uasset" 310
"../../../../../../Projects/New folder/SquidGame/Content/Mannequin/Animations/ThirdPerson_AnimBP.uasset" 311
"../../../../../../Projects/New folder/SquidGame/Content/Character/BP_SquidGameCharacter.uasset" 312
"../../../../../../Projects/New folder/SquidGame/Content/General/BP_PlayerController.uasset" 313
"../../../../../../Projects/New folder/SquidGame/Content/Media/Image/Squid-Game-todas-muertes_1540055994_900791_1024x576.uasset" 314
"../../../../../../Projects/New folder/SquidGame/Content/Widgets/Widget_EndScene.uasset" 315
"../../../../../../Projects/New folder/SquidGame/Content/Widgets/Widget_Timer.uasset" 316
"../../../../../../Projects/New folder/SquidGame/Content/General/BP_GameState.uasset" 317
"../../../../../../Projects/New folder/SquidGame/Content/Character/BP_SQPlayerStart.uasset" 318
"../../../../../../Projects/New folder/SquidGame/Content/General/BP_GameMode.uasset" 319
"../../../../../../Projects/New folder/SquidGame/Content/General/BP_ChangeColorManager.uasset" 320
"../../../../../../Projects/New folder/SquidGame/Content/Media/Sounds/RotatorSound.uasset" 321
"../../../../../../Projects/New folder/SquidGame/Content/Mannequin/Character/Mesh/SK_Mannequin_Female_PhysicsAsset.uasset" 322
"../../../../../../Projects/New folder/SquidGame/Content/Mannequin/Character/Textures/T_Female_N.uasset" 323
"../../../../../../Projects/New folder/SquidGame/Content/Mannequin/Character/Textures/T_Female_Mask.uasset" 324
"../../../../../../Projects/New folder/SquidGame/Content/Mannequin/Character/Materials/MI_Female_Body.uasset" 325
"../../../../../../Projects/New folder/SquidGame/Content/Mannequin/Character/Mesh/SK_Mannequin_Female.uasset" 326
"../../../../../../Projects/New folder/SquidGame/Content/Media/Materials/ERed.uasset" 327
"../../../../../../Projects/New folder/SquidGame/Content/Media/Materials/Yellow.uasset" 328
"../../../../../../Projects/New folder/SquidGame/Content/Actors/BP_YoungHee.uasset" 329
"../../../../../../Projects/New folder/SquidGame/Content/Media/Materials/M_Red.uasset" 330
"../../../../../../Projects/New folder/SquidGame/Content/Actors/BP_Guards.uasset" 331
"../../../../../../Projects/New folder/SquidGame/Content/Media/StarterContent/Architecture/Wall_400x300.uasset" 332
"../../../../../../Projects/New folder/SquidGame/Content/Actors/BP_CameraActor.uasset" 333
"../../../../../../Projects/New folder/SquidGame/Content/Media/Sounds/SquidGameSound.uasset" 334
"../../../Engine/Content/BasicShapes/Sphere.uasset" 335
"../../../../../../Projects/New folder/SquidGame/Content/Actors/BP_ActorLight.uasset" 336
"../../../Engine/Content/EngineSky/SM_SkySphere.uasset" 337
"../../../Engine/Content/EngineSky/C_Sky_Zenith_Color.uasset" 338
"../../../Engine/Content/EngineSky/C_Sky_Horizon_Color.uasset" 339
"../../../Engine/Content/EngineSky/C_Sky_Cloud_Color.uasset" 340
"../../../Engine/Content/EngineSky/BP_Sky_Sphere.uasset" 341
"../../../../../../Projects/New folder/SquidGame/Content/Maps/Test_Map.umap" 342
"../../../Engine/Content/EditorMeshes/ColorCalibrator/M_GreyBall.uasset" 343
"../../../Engine/Content/EditorMeshes/ColorCalibrator/Color_checker.uasset" 344
"../../../Engine/Content/EditorMeshes/ColorCalibrator/M_ColorGrid.uasset" 345
"../../../Engine/Content/EditorMeshes/ColorCalibrator/M_ClearCoatBlack.uasset" 346
"../../../Engine/Content/EditorMeshes/ColorCalibrator/M_ClearCoat.uasset" 347
"../../../Engine/Content/EditorMeshes/ColorCalibrator/M_ChromeBall.uasset" 348
"../../../Engine/Content/EditorMeshes/ColorCalibrator/SM_ColorCalibrator.uasset" 349
"../../../../../../Projects/New folder/SquidGame/Content/Media/StarterContent/Maps/Advanced_Lighting_BuiltData.uasset" 350
"../../../Engine/Content/MapTemplates/Sky/DaylightAmbientCubemap.uasset" 351
"../../../../../../Projects/New folder/SquidGame/Content/Media/StarterContent/HDRI/HDRI_Epic_Courtyard_Daylight.uasset" 352
"../../../../../../Projects/New folder/SquidGame/Content/Media/StarterContent/Blueprints/Assets/M_LightStage_Skybox_Master.uasset" 353
"../../../../../../Projects/New folder/SquidGame/Content/Media/StarterContent/Blueprints/Assets/M_LightStage_Skybox_HDRI.uasset" 354
"../../../../../../Projects/New folder/SquidGame/Content/Media/StarterContent/Blueprints/Assets/M_LightStage_Arrows.uasset" 355
"../../../../../../Projects/New folder/SquidGame/Content/Media/StarterContent/Blueprints/Assets/SM_Arrows.uasset" 356
"../../../Engine/Content/EditorMaterials/Thumbnails/SkySphereMaterial.uasset" 357
"../../../../../../Projects/New folder/SquidGame/Content/Media/StarterContent/Blueprints/Assets/Skybox.uasset" 358
"../../../../../../Projects/New folder/SquidGame/Content/Media/StarterContent/Blueprints/Assets/M_LightStage_Skybox_Black.uasset" 359
"../../../../../../Projects/New folder/SquidGame/Content/Media/StarterContent/Blueprints/Assets/SunlightColorLUT.uasset" 360
"../../../../../../Projects/New folder/SquidGame/Content/Media/StarterContent/Blueprints/Assets/FogBrightnessLUT.uasset" 361
"../../../../../../Projects/New folder/SquidGame/Content/Media/StarterContent/Blueprints/BP_LightStudio.uasset" 362
"../../../../../../Projects/New folder/SquidGame/Content/Media/StarterContent/Materials/M_AssetPlatform.uasset" 363
"../../../../../../Projects/New folder/SquidGame/Content/Media/StarterContent/Architecture/SM_AssetPlatform.uasset" 364
"../../../../../../Projects/New folder/SquidGame/Content/Media/StarterContent/Maps/Advanced_Lighting.umap" 365
"../../../../../../Projects/New folder/SquidGame/Content/Media/StarterContent/Textures/T_Statue_N.uasset" 366
"../../../../../../Projects/New folder/SquidGame/Content/Media/StarterContent/Textures/T_Statue_M.uasset" 367
"../../../../../../Projects/New folder/SquidGame/Content/Media/StarterContent/Props/Materials/M_StatueGlass.uasset" 368
"../../../../../../Projects/New folder/SquidGame/Content/Media/StarterContent/Textures/T_Metal_Copper_D.uasset" 369
"../../../../../../Projects/New folder/SquidGame/Content/Media/StarterContent/Textures/T_Metal_Gold_N.uasset" 370
"../../../../../../Projects/New folder/SquidGame/Content/Media/StarterContent/Materials/M_Metal_Copper.uasset" 371
"../../../../../../Projects/New folder/SquidGame/Content/Media/StarterContent/Textures/T_Metal_Aluminum_D.uasset" 372
"../../../../../../Projects/New folder/SquidGame/Content/Media/StarterContent/Materials/M_Metal_Burnished_Steel.uasset" 373
"../../../../../../Projects/New folder/SquidGame/Content/Media/StarterContent/Materials/M_Metal_Brushed_Nickel.uasset" 374
"../../../../../../Projects/New folder/SquidGame/Content/Media/StarterContent/Maps/Minimal_Default_BuiltData.uasset" 375
"../../../../../../Projects/New folder/SquidGame/Content/Media/StarterContent/Audio/Starter_Wind06.uasset" 376
"../../../../../../Projects/New folder/SquidGame/Content/Media/StarterContent/Audio/Starter_Wind05.uasset" 377
"../../../../../../Projects/New folder/SquidGame/Content/Media/StarterContent/Audio/Starter_Birds01.uasset" 378
"../../../../../../Projects/New folder/SquidGame/Content/Media/StarterContent/Audio/Starter_Background_Cue.uasset" 379
"../../../../../../Projects/New folder/SquidGame/Content/Media/StarterContent/Textures/T_TableRound_N.uasset" 380
"../../../../../../Projects/New folder/SquidGame/Content/Media/StarterContent/Textures/T_TableRound_M.uasset" 381
"../../../../../../Projects/New folder/SquidGame/Content/Media/StarterContent/Props/Materials/M_TableRound.uasset" 382
"../../../../../../Projects/New folder/SquidGame/Content/Media/StarterContent/Props/SM_TableRound.uasset" 383
"../../../../../../Projects/New folder/SquidGame/Content/Media/StarterContent/Props/Materials/M_Statue.uasset" 384
"../../../../../../Projects/New folder/SquidGame/Content/Media/StarterContent/Props/SM_Statue.uasset" 385
"../../../../../../Projects/New folder/SquidGame/Content/Media/StarterContent/Props/SM_Chair.uasset" 386
"../../../../../../Projects/New folder/SquidGame/Content/Media/StarterContent/Maps/Minimal_Default.umap" 387
"../../../../../../Projects/New folder/SquidGame/Content/Media/StarterContent/Textures/T_Lamp_N.uasset" 388
"../../../../../../Projects/New folder/SquidGame/Content/Media/StarterContent/Textures/T_Lamp_M.uasset" 389
"../../../../../../Projects/New folder/SquidGame/Content/Media/StarterContent/Props/Materials/M_Lamp.uasset" 390
"../../../../../../Projects/New folder/SquidGame/Content/Media/StarterContent/Props/SM_Lamp_Wall.uasset" 391
"../../../../../../Projects/New folder/SquidGame/Content/Media/StarterContent/Blueprints/Blueprint_WallSconce.uasset" 392
"../../../../../../Projects/New folder/SquidGame/Content/Media/StarterContent/Particles/P_Steam_Lit.uasset" 393
"../../../../../../Projects/New folder/SquidGame/Content/Media/StarterContent/Audio/Steam01.uasset" 394
"../../../../../../Projects/New folder/SquidGame/Content/Media/StarterContent/Audio/Steam01_Cue.uasset" 395
"../../../../../../Projects/New folder/SquidGame/Content/Media/StarterContent/Blueprints/Blueprint_Effect_Steam.uasset" 396
"../../../../../../Projects/New folder/SquidGame/Content/Media/StarterContent/Textures/T_Spark_Core.uasset" 397
"../../../../../../Projects/New folder/SquidGame/Content/Media/StarterContent/Particles/Materials/M_Spark.uasset" 398
"../../../../../../Projects/New folder/SquidGame/Content/Media/StarterContent/Particles/Materials/M_Radial_Gradient.uasset" 399
"../../../../../../Projects/New folder/SquidGame/Content/Media/StarterContent/Particles/P_Sparks.uasset" 400
"../../../../../../Projects/New folder/SquidGame/Content/Media/StarterContent/Audio/Fire_Sparks01.uasset" 401
"../../../../../../Projects/New folder/SquidGame/Content/Media/StarterContent/Audio/Fire_Sparks01_Cue.uasset" 402
"../../../../../../Projects/New folder/SquidGame/Content/Media/StarterContent/Blueprints/Blueprint_Effect_Sparks.uasset" 403
"../../../../../../Projects/New folder/SquidGame/Content/Media/StarterContent/Particles/P_Smoke.uasset" 404
"../../../../../../Projects/New folder/SquidGame/Content/Media/StarterContent/Audio/Smoke01.uasset" 405
"../../../../../../Projects/New folder/SquidGame/Content/Media/StarterContent/Audio/Smoke01_Cue.uasset" 406
"../../../../../../Projects/New folder/SquidGame/Content/Media/StarterContent/Blueprints/Blueprint_Effect_Smoke.uasset" 407
"../../../../../../Projects/New folder/SquidGame/Content/Media/StarterContent/Textures/T_Water_N.uasset" 408
"../../../../../../Projects/New folder/SquidGame/Content/Media/StarterContent/Particles/Materials/M_Heat_Distortion.uasset" 409
"../../../../../../Projects/New folder/SquidGame/Content/Media/StarterContent/Textures/T_Fire_Tiled_D.uasset" 410
"../../../../../../Projects/New folder/SquidGame/Content/Media/StarterContent/Textures/T_Fire_SubUV.uasset" 411
"../../../../../../Projects/New folder/SquidGame/Content/Media/StarterContent/Particles/Materials/M_Fire_SubUV.uasset" 412
"../../../../../../Projects/New folder/SquidGame/Content/Media/StarterContent/Particles/P_Fire.uasset" 413
"../../../../../../Projects/New folder/SquidGame/Content/Media/StarterContent/Audio/Fire01.uasset" 414
"../../../../../../Projects/New folder/SquidGame/Content/Media/StarterContent/Audio/Fire01_Cue.uasset" 415
"../../../../../../Projects/New folder/SquidGame/Content/Media/StarterContent/Blueprints/Blueprint_Effect_Fire.uasset" 416
"../../../../../../Projects/New folder/SquidGame/Content/Media/StarterContent/Props/SM_Lamp_Ceiling.uasset" 417
"../../../../../../Projects/New folder/SquidGame/Content/Media/StarterContent/Blueprints/Blueprint_CeilingLight.uasset" 418
"../../../../../../Projects/New folder/SquidGame/Content/Media/StarterContent/Audio/Starter_Music01.uasset" 419
"../../../../../../Projects/New folder/SquidGame/Content/Media/StarterContent/Audio/Starter_Music_Cue.uasset" 420
"../../../../../../Projects/New folder/SquidGame/Content/Media/StarterContent/Audio/Collapse02.uasset" 421
"../../../../../../Projects/New folder/SquidGame/Content/Media/StarterContent/Audio/Collapse01.uasset" 422
"../../../../../../Projects/New folder/SquidGame/Content/Media/StarterContent/Audio/Collapse_Cue.uasset" 423
"../../../../../../Projects/New folder/SquidGame/Content/Media/StarterContent/Architecture/Wall_Window_400x300.uasset" 424
"../../../../../../Projects/New folder/SquidGame/Content/Media/StarterContent/Architecture/Wall_Door_400x300.uasset" 425
"../../../../../../Projects/New folder/SquidGame/Content/Media/StarterContent/Architecture/Wall_400x200.uasset" 426
"../../../../../../Projects/New folder/SquidGame/Content/Media/StarterContent/Shapes/Shape_Sphere.uasset" 427
"../../../../../../Projects/New folder/SquidGame/Content/Media/StarterContent/Shapes/Shape_QuadPyramid.uasset" 428
"../../../../../../Projects/New folder/SquidGame/Content/Media/StarterContent/Shapes/Shape_Cube.uasset" 429
"../../../../../../Projects/New folder/SquidGame/Content/Media/StarterContent/Textures/T_Frame_N.uasset" 430
"../../../../../../Projects/New folder/SquidGame/Content/Media/StarterContent/Textures/T_Frame_M.uasset" 431
"../../../../../../Projects/New folder/SquidGame/Content/Media/StarterContent/Props/Materials/M_Frame.uasset" 432
"../../../../../../Projects/New folder/SquidGame/Content/Media/StarterContent/Props/SM_WindowFrame.uasset" 433
"../../../../../../Projects/New folder/SquidGame/Content/Media/StarterContent/Props/SM_PillarFrame300.uasset" 434
"../../../../../../Projects/New folder/SquidGame/Content/Media/StarterContent/Props/SM_PillarFrame.uasset" 435
"../../../../../../Projects/New folder/SquidGame/Content/Media/StarterContent/Props/SM_GlassWindow.uasset" 436
"../../../../../../Projects/New folder/SquidGame/Content/Media/StarterContent/Props/SM_DoorFrame.uasset" 437
"../../../../../../Projects/New folder/SquidGame/Content/Media/StarterContent/Props/SM_CornerFrame.uasset" 438
"../../../../../../Projects/New folder/SquidGame/Content/Media/StarterContent/Props/MaterialSphere.uasset" 439
"../../../../../../Projects/New folder/SquidGame/Content/Media/StarterContent/Textures/T_Dust_Particle_D.uasset" 440
"../../../../../../Projects/New folder/SquidGame/Content/Media/StarterContent/Particles/Materials/M_Dust_Particle.uasset" 441
"../../../../../../Projects/New folder/SquidGame/Content/Media/StarterContent/Particles/P_Ambient_Dust.uasset" 442
"../../../../../../Projects/New folder/SquidGame/Content/Media/StarterContent/Textures/T_Wood_Walnut_N.uasset" 443
"../../../../../../Projects/New folder/SquidGame/Content/Media/StarterContent/Textures/T_Wood_Walnut_D.uasset" 444
"../../../../../../Projects/New folder/SquidGame/Content/Media/StarterContent/Materials/M_Wood_Walnut.uasset" 445
"../../../../../../Projects/New folder/SquidGame/Content/Media/StarterContent/Textures/T_Wood_Pine_N.uasset" 446
"../../../../../../Projects/New folder/SquidGame/Content/Media/StarterContent/Textures/T_Wood_Pine_D.uasset" 447
"../../../../../../Projects/New folder/SquidGame/Content/Media/StarterContent/Materials/M_Wood_Pine.uasset" 448
"../../../../../../Projects/New folder/SquidGame/Content/Media/StarterContent/Textures/T_Wood_Oak_N.uasset" 449
"../../../../../../Projects/New folder/SquidGame/Content/Media/StarterContent/Textures/T_Wood_Oak_D.uasset" 450
"../../../../../../Projects/New folder/SquidGame/Content/Media/StarterContent/Materials/M_Wood_Oak.uasset" 451
"../../../Engine/Content/Functions/Engine_MaterialFunctions01/Opacity/AlphaOffset.uasset" 452
"../../../../../../Projects/New folder/SquidGame/Content/Media/StarterContent/Textures/T_Wood_Floor_Walnut_N.uasset" 453
"../../../../../../Projects/New folder/SquidGame/Content/Media/StarterContent/Textures/T_Wood_Floor_Walnut_M.uasset" 454
"../../../../../../Projects/New folder/SquidGame/Content/Media/StarterContent/Textures/T_Wood_Floor_Walnut_D.uasset" 455
"../../../../../../Projects/New folder/SquidGame/Content/Media/StarterContent/Materials/M_Wood_Floor_Walnut_Worn.uasset" 456
"../../../../../../Projects/New folder/SquidGame/Content/Media/StarterContent/Materials/M_Wood_Floor_Walnut_Polished.uasset" 457
"../../../../../../Projects/New folder/SquidGame/Content/Media/StarterContent/Textures/T_Water_M.uasset" 458
"../../../../../../Projects/New folder/SquidGame/Content/Media/StarterContent/Materials/M_Water_Ocean.uasset" 459
"../../../../../../Projects/New folder/SquidGame/Content/Media/StarterContent/Materials/M_Water_Lake.uasset" 460
"../../../../../../Projects/New folder/SquidGame/Content/Media/StarterContent/Textures/T_Tech_Panel_N.uasset" 461
"../../../../../../Projects/New folder/SquidGame/Content/Media/StarterContent/Textures/T_Tech_Panel_M.uasset" 462
"../../../../../../Projects/New folder/SquidGame/Content/Media/StarterContent/Textures/T_Metal_Steel_D.uasset" 463
"../../../../../../Projects/New folder/SquidGame/Content/Media/StarterContent/Materials/M_Tech_Panel.uasset" 464
"../../../../../../Projects/New folder/SquidGame/Content/Media/StarterContent/Textures/T_Tech_Hex_Tile_N.uasset" 465
"../../../../../../Projects/New folder/SquidGame/Content/Media/StarterContent/Textures/T_Tech_Hex_Tile_M.uasset" 466
"../../../../../../Projects/New folder/SquidGame/Content/Media/StarterContent/Materials/M_Tech_Hex_Tile_Pulse.uasset" 467
"../../../../../../Projects/New folder/SquidGame/Content/Media/StarterContent/Materials/M_Tech_Hex_Tile.uasset" 468
"../../../../../../Projects/New folder/SquidGame/Content/Media/StarterContent/Textures/T_Tech_Dot_N.uasset" 469
"../../../../../../Projects/New folder/SquidGame/Content/Media/StarterContent/Textures/T_Tech_Dot_M.uasset" 470
"../../../../../../Projects/New folder/SquidGame/Content/Media/StarterContent/Textures/T_Single_Tile_N.uasset" 471
"../../../../../../Projects/New folder/SquidGame/Content/Media/StarterContent/Textures/T_Checker_Noise_M.uasset" 472
"../../../../../../Projects/New folder/SquidGame/Content/Media/StarterContent/Materials/M_Tech_Checker_Dot.uasset" 473
"../../../../../../Projects/New folder/SquidGame/Content/Media/StarterContent/Textures/T_Rock_Slate_N.uasset" 474
"../../../../../../Projects/New folder/SquidGame/Content/Media/StarterContent/Textures/T_Rock_Slate_D.uasset" 475
"../../../../../../Projects/New folder/SquidGame/Content/Media/StarterContent/Materials/M_Rock_Slate.uasset" 476
"../../../../../../Projects/New folder/SquidGame/Content/Media/StarterContent/Textures/T_Rock_Sandstone_N.uasset" 477
"../../../../../../Projects/New folder/SquidGame/Content/Media/StarterContent/Textures/T_Rock_Sandstone_D.uasset" 478
"../../../../../../Projects/New folder/SquidGame/Content/Media/StarterContent/Materials/M_Rock_Sandstone.uasset" 479
"../../../../../../Projects/New folder/SquidGame/Content/Media/StarterContent/Textures/T_Rock_Marble_Polished_D.uasset" 480
"../../../../../../Projects/New folder/SquidGame/Content/Media/StarterContent/Materials/M_Rock_Marble_Polished.uasset" 481
"../../../../../../Projects/New folder/SquidGame/Content/Media/StarterContent/Textures/T_Rock_Basalt_N.uasset" 482
"../../../../../../Projects/New folder/SquidGame/Content/Media/StarterContent/Materials/M_Rock_Basalt.uasset" 483
"../../../../../../Projects/New folder/SquidGame/Content/Media/StarterContent/Textures/T_Metal_Steel_N.uasset" 484
"../../../../../../Projects/New folder/SquidGame/Content/Media/StarterContent/Materials/M_Metal_Steel.uasset" 485
"../../../../../../Projects/New folder/SquidGame/Content/Media/StarterContent/Textures/T_Metal_Rust_D.uasset" 486
"../../../../../../Projects/New folder/SquidGame/Content/Media/StarterContent/Textures/T_Metal_Rust_N.uasset" 487
"../../../../../../Projects/New folder/SquidGame/Content/Media/StarterContent/Materials/M_Metal_Rust.uasset" 488
"../../../../../../Projects/New folder/SquidGame/Content/Media/StarterContent/Textures/T_Metal_Gold_D.uasset" 489
"../../../../../../Projects/New folder/SquidGame/Content/Media/StarterContent/Materials/M_Metal_Gold.uasset" 490
"../../../../../../Projects/New folder/SquidGame/Content/Media/StarterContent/Materials/M_Metal_Chrome.uasset" 491
"../../../../../../Projects/New folder/SquidGame/Content/Media/StarterContent/Textures/T_Ground_Moss_N.uasset" 492
"../../../../../../Projects/New folder/SquidGame/Content/Media/StarterContent/Textures/T_ground_Moss_D.uasset" 493
"../../../../../../Projects/New folder/SquidGame/Content/Media/StarterContent/Materials/M_Ground_Moss.uasset" 494
"../../../../../../Projects/New folder/SquidGame/Content/Media/StarterContent/Textures/T_Ground_Grass_N.uasset" 495
"../../../../../../Projects/New folder/SquidGame/Content/Media/StarterContent/Textures/T_Ground_Grass_D.uasset" 496
"../../../../../../Projects/New folder/SquidGame/Content/Media/StarterContent/Materials/M_Ground_Grass.uasset" 497
"../../../../../../Projects/New folder/SquidGame/Content/Media/StarterContent/Textures/T_Concrete_Tiles_Variation_M.uasset" 498
"../../../../../../Projects/New folder/SquidGame/Content/Media/StarterContent/Textures/T_Concrete_Tiles_N.uasset" 499
"../../../../../../Projects/New folder/SquidGame/Content/Media/StarterContent/Textures/T_Concrete_Tiles_M.uasset" 500
"../../../../../../Projects/New folder/SquidGame/Content/Media/StarterContent/Textures/T_Concrete_Tiles_D.uasset" 501
"../../../../../../Projects/New folder/SquidGame/Content/Media/StarterContent/Materials/M_Concrete_Tiles.uasset" 502
"../../../../../../Projects/New folder/SquidGame/Content/Media/StarterContent/Textures/T_Concrete_Poured_N.uasset" 503
"../../../../../../Projects/New folder/SquidGame/Content/Media/StarterContent/Textures/T_Concrete_Poured_D.uasset" 504
"../../../../../../Projects/New folder/SquidGame/Content/Media/StarterContent/Materials/M_Concrete_Poured.uasset" 505
"../../../../../../Projects/New folder/SquidGame/Content/Media/StarterContent/Textures/T_Concrete_Grime_D.uasset" 506
"../../../../../../Projects/New folder/SquidGame/Content/Media/StarterContent/Materials/M_Concrete_Grime.uasset" 507
"../../../../../../Projects/New folder/SquidGame/Content/Media/StarterContent/Textures/T_CobbleStone_Smooth_N.uasset" 508
"../../../../../../Projects/New folder/SquidGame/Content/Media/StarterContent/Textures/T_CobbleStone_Smooth_M.uasset" 509
"../../../../../../Projects/New folder/SquidGame/Content/Media/StarterContent/Textures/T_CobbleStone_Smooth_D.uasset" 510
"../../../../../../Projects/New folder/SquidGame/Content/Media/StarterContent/Textures/T_Rock_Smooth_Granite_D.uasset" 511
"../../../../../../Projects/New folder/SquidGame/Content/Media/StarterContent/Textures/T_Gradinet_01.uasset" 512
"../../../../../../Projects/New folder/SquidGame/Content/Media/StarterContent/Materials/M_CobbleStone_Smooth.uasset" 513
"../../../../../../Projects/New folder/SquidGame/Content/Media/StarterContent/Textures/T_CobbleStone_Rough_N.uasset" 514
"../../../../../../Projects/New folder/SquidGame/Content/Media/StarterContent/Textures/T_CobbleStone_Rough_D.uasset" 515
"../../../../../../Projects/New folder/SquidGame/Content/Media/StarterContent/Materials/M_CobbleStone_Rough.uasset" 516
"../../../../../../Projects/New folder/SquidGame/Content/Media/StarterContent/Textures/T_CobbleStone_Pebble_N.uasset" 517
"../../../../../../Projects/New folder/SquidGame/Content/Media/StarterContent/Textures/T_CobbleStone_Pebble_M.uasset" 518
"../../../../../../Projects/New folder/SquidGame/Content/Media/StarterContent/Textures/T_CobbleStone_Pebble_D.uasset" 519
"../../../../../../Projects/New folder/SquidGame/Content/Media/StarterContent/Materials/M_CobbleStone_Pebble.uasset" 520
"../../../../../../Projects/New folder/SquidGame/Content/Media/StarterContent/Textures/T_Ceramic_Tile_N.uasset" 521
"../../../../../../Projects/New folder/SquidGame/Content/Media/StarterContent/Textures/T_Ceramic_Tile_M.uasset" 522
"../../../../../../Projects/New folder/SquidGame/Content/Media/StarterContent/Materials/M_Ceramic_Tile_Checker.uasset" 523
"../../../../../../Projects/New folder/SquidGame/Content/Media/StarterContent/Textures/T_Brick_Hewn_Stone_N.uasset" 524
"../../../../../../Projects/New folder/SquidGame/Content/Media/StarterContent/Textures/T_Brick_Hewn_Stone_M.uasset" 525
"../../../../../../Projects/New folder/SquidGame/Content/Media/StarterContent/Textures/T_Brick_Hewn_Stone_D.uasset" 526
"../../../../../../Projects/New folder/SquidGame/Content/Media/StarterContent/Materials/M_Brick_Hewn_Stone.uasset" 527
"../../../../../../Projects/New folder/SquidGame/Content/Media/StarterContent/Textures/T_Brick_Cut_Stone_N.uasset" 528
"../../../../../../Projects/New folder/SquidGame/Content/Media/StarterContent/Textures/T_Brick_Cut_Stone_D.uasset" 529
"../../../../../../Projects/New folder/SquidGame/Content/Media/StarterContent/Materials/M_Brick_Cut_Stone.uasset" 530
"../../../../../../Projects/New folder/SquidGame/Content/Media/StarterContent/Textures/T_Brick_Clay_Old_N.uasset" 531
"../../../../../../Projects/New folder/SquidGame/Content/Media/StarterContent/Textures/T_Brick_Clay_Old_D.uasset" 532
"../../../../../../Projects/New folder/SquidGame/Content/Media/StarterContent/Materials/M_Brick_Clay_Old.uasset" 533
"../../../../../../Projects/New folder/SquidGame/Content/Media/StarterContent/Textures/T_Brick_Clay_Beveled_N.uasset" 534
"../../../../../../Projects/New folder/SquidGame/Content/Media/StarterContent/Textures/T_Brick_Clay_Beveled_M.uasset" 535
"../../../../../../Projects/New folder/SquidGame/Content/Media/StarterContent/Textures/T_Brick_Clay_Beveled_D.uasset" 536
"../../../../../../Projects/New folder/SquidGame/Content/Media/StarterContent/Materials/M_Brick_Clay_Beveled.uasset" 537
"../../../Engine/Content/Functions/Engine_MaterialFunctions03/Procedurals/ComputeFilterWidth.uasset" 538
"../../../Engine/Content/EngineMaterials/AntiAliasedTextMaterialTranslucent.uasset" 539
"../../../../../../Projects/New folder/SquidGame/Content/Media/StarterContent/Maps/StarterMap_BuiltData.uasset" 540
"../../../../../../Projects/New folder/SquidGame/Content/Media/StarterContent/Textures/T_Concrete_Panels_N.uasset" 541
"../../../../../../Projects/New folder/SquidGame/Content/Media/StarterContent/Textures/T_Concrete_Panels_D.uasset" 542
"../../../../../../Projects/New folder/SquidGame/Content/Media/StarterContent/Materials/M_Concrete_Panels.uasset" 543
"../../../../../../Projects/New folder/SquidGame/Content/Media/StarterContent/Maps/StarterMap.umap" 544
"../../../../../../Projects/New folder/SquidGame/Content/ThirdPersonCPP/Maps/ThirdPersonExampleMap_BuiltData.uasset" 545
"../../../../../../Projects/New folder/SquidGame/Content/ThirdPersonCPP/Blueprints/ThirdPersonCharacter.uasset" 546
"../../../../../../Projects/New folder/SquidGame/Content/ThirdPerson/Meshes/RampMaterial.uasset" 547
"../../../../../../Projects/New folder/SquidGame/Content/ThirdPerson/Meshes/RightArm_StaticMesh.uasset" 548
"../../../../../../Projects/New folder/SquidGame/Content/ThirdPerson/Meshes/Ramp_StaticMesh.uasset" 549
"../../../../../../Projects/New folder/SquidGame/Content/ThirdPerson/Meshes/Linear_Stair_StaticMesh.uasset" 550
"../../../../../../Projects/New folder/SquidGame/Content/ThirdPerson/Meshes/LeftArm_StaticMesh.uasset" 551
"../../../../../../Projects/New folder/SquidGame/Content/ThirdPerson/Meshes/Bump_StaticMesh.uasset" 552
"../../../../../../Projects/New folder/SquidGame/Content/Geometry/Meshes/CubeMaterial.uasset" 553
"../../../../../../Projects/New folder/SquidGame/Content/Geometry/Meshes/TemplateFloor.uasset" 554
"../../../../../../Projects/New folder/SquidGame/Content/Geometry/Meshes/1M_Cube_Chamfer.uasset" 555
"../../../../../../Projects/New folder/SquidGame/Content/Geometry/Meshes/1M_Cube.uasset" 556
"../../../../../../Projects/New folder/SquidGame/Content/ThirdPersonCPP/Maps/ThirdPersonExampleMap.umap" 557
"../../../Engine/Content/Maps/Entry_BuiltData.uasset" 558
"../../../Engine/Content/Maps/Entry.umap" 559
